<?xml version="1.0" encoding="UTF-8"?>
<testsuite xmlns:xsi="http://www.w3.org/2001/XMLSchema-instance" xsi:noNamespaceSchemaLocation="https://maven.apache.org/surefire/maven-surefire-plugin/xsd/surefire-test-report-3.0.xsd" version="3.0" name="edu.cmu.cs.cs214.rec02.IntQueueTest" time="0.139" tests="5" errors="0" skipped="0" failures="0">
  <properties>
[...]
</properties>
  <testcase name="testEnqueueAndDequeue" classname="edu.cmu.cs.cs214.rec02.IntQueueTest" time="0.016"/>
  <testcase name="testClear" classname="edu.cmu.cs.cs214.rec02.IntQueueTest" time="0.0"/>
  <testcase name="testEnsureCapacity" classname="edu.cmu.cs.cs214.rec02.IntQueueTest" time="0.0"/>
  <testcase name="testIsEmpty" classname="edu.cmu.cs.cs214.rec02.IntQueueTest" time="0.0"/>
  <testcase name="testPeekAndSize" classname="edu.cmu.cs.cs214.rec02.IntQueueTest" time="0.0"/>
</testsuite>